{"numTotalTestSuites":63,"numPassedTestSuites":41,"numFailedTestSuites":22,"numPendingTestSuites":0,"numTotalTests":85,"numPassedTests":57,"numFailedTests":24,"numPendingTests":4,"numTodoTests":0,"snapshot":{"added":0,"failure":false,"filesAdded":0,"filesRemoved":0,"filesRemovedList":[],"filesUnmatched":0,"filesUpdated":0,"matched":0,"total":0,"unchecked":0,"uncheckedKeysByFile":[],"unmatched":0,"updated":0,"didUpdate":false},"startTime":1756136254223,"success":false,"testResults":[{"assertionResults":[],"startTime":1756136254223,"endTime":1756136254223,"status":"failed","message":"Cannot find package '@azizsys/integrations/whatsapp-core' imported from 'E:/azizsys5/g-assistant-nx/apps/api/src/whatsapp/whatsapp.service.ts'","name":"E:/azizsys5/g-assistant-nx/tests/integration/api-integration.test.ts"},{"assertionResults":[],"startTime":1756136254223,"endTime":1756136254223,"status":"failed","message":"Cannot find package '@azizsys/integrations/whatsapp-core' imported from 'E:/azizsys5/g-assistant-nx/apps/api/src/whatsapp/whatsapp.service.ts'","name":"E:/azizsys5/g-assistant-nx/tests/integration/api.test.ts"},{"assertionResults":[{"ancestorTitles":["ðŸ”— CRM Integration Tests","Odoo CRM Integration"],"fullName":"ðŸ”— CRM Integration Tests Odoo CRM Integration should sync leads with Odoo","status":"passed","title":"should sync leads with Odoo","duration":1.1228000000000975,"failureMessages":[],"meta":{}},{"ancestorTitles":["ðŸ”— CRM Integration Tests","Odoo CRM Integration"],"fullName":"ðŸ”— CRM Integration Tests Odoo CRM Integration should handle Odoo connection errors","status":"passed","title":"should handle Odoo connection errors","duration":0.2795000000000982,"failureMessages":[],"meta":{}},{"ancestorTitles":["ðŸ”— CRM Integration Tests","WhatsApp CRM Integration"],"fullName":"ðŸ”— CRM Integration Tests WhatsApp CRM Integration should create lead from WhatsApp message","status":"passed","title":"should create lead from WhatsApp message","duration":0.2284999999997126,"failureMessages":[],"meta":{}},{"ancestorTitles":["ðŸ”— CRM Integration Tests","WhatsApp CRM Integration"],"fullName":"ðŸ”— CRM Integration Tests WhatsApp CRM Integration should send follow-up messages","status":"passed","title":"should send follow-up messages","duration":0.16620000000011714,"failureMessages":[],"meta":{}},{"ancestorTitles":["ðŸ”— CRM Integration Tests","AI-Powered CRM Features"],"fullName":"ðŸ”— CRM Integration Tests AI-Powered CRM Features should generate smart recommendations","status":"passed","title":"should generate smart recommendations","duration":0.14489999999977954,"failureMessages":[],"meta":{}},{"ancestorTitles":["ðŸ”— CRM Integration Tests","AI-Powered CRM Features"],"fullName":"ðŸ”— CRM Integration Tests AI-Powered CRM Features should predict lead conversion","status":"passed","title":"should predict lead conversion","duration":0.17869999999993524,"failureMessages":[],"meta":{}},{"ancestorTitles":["ðŸ”— CRM Integration Tests","CRM Analytics"],"fullName":"ðŸ”— CRM Integration Tests CRM Analytics should calculate conversion rates","status":"passed","title":"should calculate conversion rates","duration":0.21239999999988868,"failureMessages":[],"meta":{}},{"ancestorTitles":["ðŸ”— CRM Integration Tests","CRM Analytics"],"fullName":"ðŸ”— CRM Integration Tests CRM Analytics should generate sales forecast","status":"passed","title":"should generate sales forecast","duration":0.12180000000034852,"failureMessages":[],"meta":{}}],"startTime":1756136256457,"endTime":1756136256459.2124,"status":"passed","message":"","name":"E:/azizsys5/g-assistant-nx/tests/integration/crm-integration.test.ts"},{"assertionResults":[],"startTime":1756136254223,"endTime":1756136254223,"status":"failed","message":"Cannot find module '../../packages/odoo-integration/src/whatsapp-crm-bridge' imported from 'E:/azizsys5/g-assistant-nx/tests/integration/crm-whatsapp.test.ts'","name":"E:/azizsys5/g-assistant-nx/tests/integration/crm-whatsapp.test.ts"},{"assertionResults":[],"startTime":1756136254223,"endTime":1756136254223,"status":"failed","message":"Cannot find module '../../packages/core-logic/src/event-bus' imported from 'E:/azizsys5/g-assistant-nx/tests/integration/day-1-integration.test.ts'","name":"E:/azizsys5/g-assistant-nx/tests/integration/day-1-integration.test.ts"},{"assertionResults":[],"startTime":1756136254223,"endTime":1756136254223,"status":"failed","message":"Cannot find package '@azizsys/analytics-core' imported from 'E:/azizsys5/g-assistant-nx/tests/integration/simulation-integration.test.ts'","name":"E:/azizsys5/g-assistant-nx/tests/integration/simulation-integration.test.ts"},{"assertionResults":[{"ancestorTitles":["WhatsApp Webhook Tests"],"fullName":"WhatsApp Webhook Tests should respond to webhook verification","status":"passed","title":"should respond to webhook verification","duration":37.164600000000064,"failureMessages":[],"meta":{}},{"ancestorTitles":["WhatsApp Webhook Tests"],"fullName":"WhatsApp Webhook Tests should process incoming WhatsApp message","status":"passed","title":"should process incoming WhatsApp message","duration":133.17380000000003,"failureMessages":[],"meta":{}},{"ancestorTitles":["WhatsApp Webhook Tests"],"fullName":"WhatsApp Webhook Tests should handle malformed webhook data","status":"passed","title":"should handle malformed webhook data","duration":26.31179999999995,"failureMessages":[],"meta":{}}],"startTime":1756136256091,"endTime":1756136256287.3118,"status":"passed","message":"","name":"E:/azizsys5/g-assistant-nx/tests/integration/webhook.test.ts"},{"assertionResults":[{"ancestorTitles":["âš¡ Performance & Load Tests","API Response Time Tests"],"fullName":"âš¡ Performance & Load Tests API Response Time Tests should respond to /leads endpoint within 500ms","status":"skipped","title":"should respond to /leads endpoint within 500ms","failureMessages":[],"meta":{}},{"ancestorTitles":["âš¡ Performance & Load Tests","API Response Time Tests"],"fullName":"âš¡ Performance & Load Tests API Response Time Tests should handle AI query processing within 2 seconds","status":"skipped","title":"should handle AI query processing within 2 seconds","failureMessages":[],"meta":{}},{"ancestorTitles":["âš¡ Performance & Load Tests","Concurrent Load Tests"],"fullName":"âš¡ Performance & Load Tests Concurrent Load Tests should handle 50 concurrent requests","status":"skipped","title":"should handle 50 concurrent requests","failureMessages":[],"meta":{}},{"ancestorTitles":["âš¡ Performance & Load Tests","Memory Usage Tests"],"fullName":"âš¡ Performance & Load Tests Memory Usage Tests should not have memory leaks","status":"skipped","title":"should not have memory leaks","failureMessages":[],"meta":{}}],"startTime":1756136254223,"endTime":1756136254223,"status":"failed","message":"","name":"E:/azizsys5/g-assistant-nx/tests/performance/load-testing.test.ts"},{"assertionResults":[{"ancestorTitles":["ðŸ”’ Security Tests","Authentication Security"],"fullName":"ðŸ”’ Security Tests Authentication Security should reject invalid JWT tokens","status":"passed","title":"should reject invalid JWT tokens","duration":22.301300000000083,"failureMessages":[],"meta":{}},{"ancestorTitles":["ðŸ”’ Security Tests","Authentication Security"],"fullName":"ðŸ”’ Security Tests Authentication Security should prevent brute force attacks","status":"passed","title":"should prevent brute force attacks","duration":14.49369999999999,"failureMessages":[],"meta":{}},{"ancestorTitles":["ðŸ”’ Security Tests","Input Validation Security"],"fullName":"ðŸ”’ Security Tests Input Validation Security should prevent SQL injection attacks","status":"passed","title":"should prevent SQL injection attacks","duration":2.4657999999999447,"failureMessages":[],"meta":{}},{"ancestorTitles":["ðŸ”’ Security Tests","Input Validation Security"],"fullName":"ðŸ”’ Security Tests Input Validation Security should prevent XSS attacks","status":"passed","title":"should prevent XSS attacks","duration":0.3619000000003325,"failureMessages":[],"meta":{}},{"ancestorTitles":["ðŸ”’ Security Tests","API Security Headers"],"fullName":"ðŸ”’ Security Tests API Security Headers should include security headers in responses","status":"passed","title":"should include security headers in responses","duration":2.2413000000001375,"failureMessages":[],"meta":{}},{"ancestorTitles":["ðŸ”’ Security Tests","Rate Limiting Security"],"fullName":"ðŸ”’ Security Tests Rate Limiting Security should enforce rate limits","status":"passed","title":"should enforce rate limits","duration":28.6541000000002,"failureMessages":[],"meta":{}}],"startTime":1756136256078,"endTime":1756136256149.654,"status":"passed","message":"","name":"E:/azizsys5/g-assistant-nx/tests/security/security-testing.test.ts"},{"assertionResults":[{"ancestorTitles":["Core Logic Package","GoogleServices","initialization"],"fullName":"Core Logic Package GoogleServices initialization should initialize with default configuration","status":"failed","title":"should initialize with default configuration","duration":3.786299999999983,"failureMessages":["TypeError: GoogleServices is not a constructor\n    at E:\\azizsys5\\g-assistant-nx\\tests\\unit\\core-logic.test.ts:16:24\n    at file:///E:/azizsys5/g-assistant-nx/node_modules/.pnpm/@vitest+runner@3.2.4/node_modules/@vitest/runner/dist/chunk-hooks.js:155:11\n    at file:///E:/azizsys5/g-assistant-nx/node_modules/.pnpm/@vitest+runner@3.2.4/node_modules/@vitest/runner/dist/chunk-hooks.js:1897:20\n    at new Promise (<anonymous>)\n    at runWithTimeout (file:///E:/azizsys5/g-assistant-nx/node_modules/.pnpm/@vitest+runner@3.2.4/node_modules/@vitest/runner/dist/chunk-hooks.js:1863:10)\n    at runHook (file:///E:/azizsys5/g-assistant-nx/node_modules/.pnpm/@vitest+runner@3.2.4/node_modules/@vitest/runner/dist/chunk-hooks.js:1436:51)\n    at callSuiteHook (file:///E:/azizsys5/g-assistant-nx/node_modules/.pnpm/@vitest+runner@3.2.4/node_modules/@vitest/runner/dist/chunk-hooks.js:1442:25)\n    at callSuiteHook (file:///E:/azizsys5/g-assistant-nx/node_modules/.pnpm/@vitest+runner@3.2.4/node_modules/@vitest/runner/dist/chunk-hooks.js:1429:21)\n    at runTest (file:///E:/azizsys5/g-assistant-nx/node_modules/.pnpm/@vitest+runner@3.2.4/node_modules/@vitest/runner/dist/chunk-hooks.js:1566:26)\n    at runSuite (file:///E:/azizsys5/g-assistant-nx/node_modules/.pnpm/@vitest+runner@3.2.4/node_modules/@vitest/runner/dist/chunk-hooks.js:1729:8)"],"meta":{}},{"ancestorTitles":["Core Logic Package","GoogleServices","initialization"],"fullName":"Core Logic Package GoogleServices initialization should have required methods","status":"failed","title":"should have required methods","duration":0.3813000000000102,"failureMessages":["TypeError: GoogleServices is not a constructor\n    at E:\\azizsys5\\g-assistant-nx\\tests\\unit\\core-logic.test.ts:16:24\n    at file:///E:/azizsys5/g-assistant-nx/node_modules/.pnpm/@vitest+runner@3.2.4/node_modules/@vitest/runner/dist/chunk-hooks.js:155:11\n    at file:///E:/azizsys5/g-assistant-nx/node_modules/.pnpm/@vitest+runner@3.2.4/node_modules/@vitest/runner/dist/chunk-hooks.js:1897:20\n    at new Promise (<anonymous>)\n    at runWithTimeout (file:///E:/azizsys5/g-assistant-nx/node_modules/.pnpm/@vitest+runner@3.2.4/node_modules/@vitest/runner/dist/chunk-hooks.js:1863:10)\n    at runHook (file:///E:/azizsys5/g-assistant-nx/node_modules/.pnpm/@vitest+runner@3.2.4/node_modules/@vitest/runner/dist/chunk-hooks.js:1436:51)\n    at callSuiteHook (file:///E:/azizsys5/g-assistant-nx/node_modules/.pnpm/@vitest+runner@3.2.4/node_modules/@vitest/runner/dist/chunk-hooks.js:1442:25)\n    at callSuiteHook (file:///E:/azizsys5/g-assistant-nx/node_modules/.pnpm/@vitest+runner@3.2.4/node_modules/@vitest/runner/dist/chunk-hooks.js:1429:21)\n    at runTest (file:///E:/azizsys5/g-assistant-nx/node_modules/.pnpm/@vitest+runner@3.2.4/node_modules/@vitest/runner/dist/chunk-hooks.js:1566:26)\n    at runSuite (file:///E:/azizsys5/g-assistant-nx/node_modules/.pnpm/@vitest+runner@3.2.4/node_modules/@vitest/runner/dist/chunk-hooks.js:1729:8)"],"meta":{}},{"ancestorTitles":["Core Logic Package","GoogleServices","queryGemini"],"fullName":"Core Logic Package GoogleServices queryGemini should handle successful Gemini query","status":"failed","title":"should handle successful Gemini query","duration":0.2141999999998916,"failureMessages":["TypeError: GoogleServices is not a constructor\n    at E:\\azizsys5\\g-assistant-nx\\tests\\unit\\core-logic.test.ts:16:24\n    at file:///E:/azizsys5/g-assistant-nx/node_modules/.pnpm/@vitest+runner@3.2.4/node_modules/@vitest/runner/dist/chunk-hooks.js:155:11\n    at file:///E:/azizsys5/g-assistant-nx/node_modules/.pnpm/@vitest+runner@3.2.4/node_modules/@vitest/runner/dist/chunk-hooks.js:1897:20\n    at new Promise (<anonymous>)\n    at runWithTimeout (file:///E:/azizsys5/g-assistant-nx/node_modules/.pnpm/@vitest+runner@3.2.4/node_modules/@vitest/runner/dist/chunk-hooks.js:1863:10)\n    at runHook (file:///E:/azizsys5/g-assistant-nx/node_modules/.pnpm/@vitest+runner@3.2.4/node_modules/@vitest/runner/dist/chunk-hooks.js:1436:51)\n    at callSuiteHook (file:///E:/azizsys5/g-assistant-nx/node_modules/.pnpm/@vitest+runner@3.2.4/node_modules/@vitest/runner/dist/chunk-hooks.js:1442:25)\n    at callSuiteHook (file:///E:/azizsys5/g-assistant-nx/node_modules/.pnpm/@vitest+runner@3.2.4/node_modules/@vitest/runner/dist/chunk-hooks.js:1429:21)\n    at runTest (file:///E:/azizsys5/g-assistant-nx/node_modules/.pnpm/@vitest+runner@3.2.4/node_modules/@vitest/runner/dist/chunk-hooks.js:1566:26)\n    at runSuite (file:///E:/azizsys5/g-assistant-nx/node_modules/.pnpm/@vitest+runner@3.2.4/node_modules/@vitest/runner/dist/chunk-hooks.js:1729:8)"],"meta":{}},{"ancestorTitles":["Core Logic Package","GoogleServices","queryGemini"],"fullName":"Core Logic Package GoogleServices queryGemini should handle Gemini query errors","status":"failed","title":"should handle Gemini query errors","duration":0.29409999999984393,"failureMessages":["TypeError: GoogleServices is not a constructor\n    at E:\\azizsys5\\g-assistant-nx\\tests\\unit\\core-logic.test.ts:16:24\n    at file:///E:/azizsys5/g-assistant-nx/node_modules/.pnpm/@vitest+runner@3.2.4/node_modules/@vitest/runner/dist/chunk-hooks.js:155:11\n    at file:///E:/azizsys5/g-assistant-nx/node_modules/.pnpm/@vitest+runner@3.2.4/node_modules/@vitest/runner/dist/chunk-hooks.js:1897:20\n    at new Promise (<anonymous>)\n    at runWithTimeout (file:///E:/azizsys5/g-assistant-nx/node_modules/.pnpm/@vitest+runner@3.2.4/node_modules/@vitest/runner/dist/chunk-hooks.js:1863:10)\n    at runHook (file:///E:/azizsys5/g-assistant-nx/node_modules/.pnpm/@vitest+runner@3.2.4/node_modules/@vitest/runner/dist/chunk-hooks.js:1436:51)\n    at callSuiteHook (file:///E:/azizsys5/g-assistant-nx/node_modules/.pnpm/@vitest+runner@3.2.4/node_modules/@vitest/runner/dist/chunk-hooks.js:1442:25)\n    at callSuiteHook (file:///E:/azizsys5/g-assistant-nx/node_modules/.pnpm/@vitest+runner@3.2.4/node_modules/@vitest/runner/dist/chunk-hooks.js:1429:21)\n    at runTest (file:///E:/azizsys5/g-assistant-nx/node_modules/.pnpm/@vitest+runner@3.2.4/node_modules/@vitest/runner/dist/chunk-hooks.js:1566:26)\n    at runSuite (file:///E:/azizsys5/g-assistant-nx/node_modules/.pnpm/@vitest+runner@3.2.4/node_modules/@vitest/runner/dist/chunk-hooks.js:1729:8)"],"meta":{}},{"ancestorTitles":["Core Logic Package","GoogleServices","queryGemini"],"fullName":"Core Logic Package GoogleServices queryGemini should validate input parameters","status":"failed","title":"should validate input parameters","duration":0.18070000000011532,"failureMessages":["TypeError: GoogleServices is not a constructor\n    at E:\\azizsys5\\g-assistant-nx\\tests\\unit\\core-logic.test.ts:16:24\n    at file:///E:/azizsys5/g-assistant-nx/node_modules/.pnpm/@vitest+runner@3.2.4/node_modules/@vitest/runner/dist/chunk-hooks.js:155:11\n    at file:///E:/azizsys5/g-assistant-nx/node_modules/.pnpm/@vitest+runner@3.2.4/node_modules/@vitest/runner/dist/chunk-hooks.js:1897:20\n    at new Promise (<anonymous>)\n    at runWithTimeout (file:///E:/azizsys5/g-assistant-nx/node_modules/.pnpm/@vitest+runner@3.2.4/node_modules/@vitest/runner/dist/chunk-hooks.js:1863:10)\n    at runHook (file:///E:/azizsys5/g-assistant-nx/node_modules/.pnpm/@vitest+runner@3.2.4/node_modules/@vitest/runner/dist/chunk-hooks.js:1436:51)\n    at callSuiteHook (file:///E:/azizsys5/g-assistant-nx/node_modules/.pnpm/@vitest+runner@3.2.4/node_modules/@vitest/runner/dist/chunk-hooks.js:1442:25)\n    at callSuiteHook (file:///E:/azizsys5/g-assistant-nx/node_modules/.pnpm/@vitest+runner@3.2.4/node_modules/@vitest/runner/dist/chunk-hooks.js:1429:21)\n    at runTest (file:///E:/azizsys5/g-assistant-nx/node_modules/.pnpm/@vitest+runner@3.2.4/node_modules/@vitest/runner/dist/chunk-hooks.js:1566:26)\n    at runSuite (file:///E:/azizsys5/g-assistant-nx/node_modules/.pnpm/@vitest+runner@3.2.4/node_modules/@vitest/runner/dist/chunk-hooks.js:1729:8)"],"meta":{}},{"ancestorTitles":["Core Logic Package","GoogleServices","queryBigQuery"],"fullName":"Core Logic Package GoogleServices queryBigQuery should execute BigQuery successfully","status":"failed","title":"should execute BigQuery successfully","duration":0.16420000000016444,"failureMessages":["TypeError: GoogleServices is not a constructor\n    at E:\\azizsys5\\g-assistant-nx\\tests\\unit\\core-logic.test.ts:16:24\n    at file:///E:/azizsys5/g-assistant-nx/node_modules/.pnpm/@vitest+runner@3.2.4/node_modules/@vitest/runner/dist/chunk-hooks.js:155:11\n    at file:///E:/azizsys5/g-assistant-nx/node_modules/.pnpm/@vitest+runner@3.2.4/node_modules/@vitest/runner/dist/chunk-hooks.js:1897:20\n    at new Promise (<anonymous>)\n    at runWithTimeout (file:///E:/azizsys5/g-assistant-nx/node_modules/.pnpm/@vitest+runner@3.2.4/node_modules/@vitest/runner/dist/chunk-hooks.js:1863:10)\n    at runHook (file:///E:/azizsys5/g-assistant-nx/node_modules/.pnpm/@vitest+runner@3.2.4/node_modules/@vitest/runner/dist/chunk-hooks.js:1436:51)\n    at callSuiteHook (file:///E:/azizsys5/g-assistant-nx/node_modules/.pnpm/@vitest+runner@3.2.4/node_modules/@vitest/runner/dist/chunk-hooks.js:1442:25)\n    at callSuiteHook (file:///E:/azizsys5/g-assistant-nx/node_modules/.pnpm/@vitest+runner@3.2.4/node_modules/@vitest/runner/dist/chunk-hooks.js:1429:21)\n    at runTest (file:///E:/azizsys5/g-assistant-nx/node_modules/.pnpm/@vitest+runner@3.2.4/node_modules/@vitest/runner/dist/chunk-hooks.js:1566:26)\n    at runSuite (file:///E:/azizsys5/g-assistant-nx/node_modules/.pnpm/@vitest+runner@3.2.4/node_modules/@vitest/runner/dist/chunk-hooks.js:1729:8)"],"meta":{}},{"ancestorTitles":["Core Logic Package","GoogleServices","queryBigQuery"],"fullName":"Core Logic Package GoogleServices queryBigQuery should handle BigQuery errors","status":"failed","title":"should handle BigQuery errors","duration":0.18450000000007094,"failureMessages":["TypeError: GoogleServices is not a constructor\n    at E:\\azizsys5\\g-assistant-nx\\tests\\unit\\core-logic.test.ts:16:24\n    at file:///E:/azizsys5/g-assistant-nx/node_modules/.pnpm/@vitest+runner@3.2.4/node_modules/@vitest/runner/dist/chunk-hooks.js:155:11\n    at file:///E:/azizsys5/g-assistant-nx/node_modules/.pnpm/@vitest+runner@3.2.4/node_modules/@vitest/runner/dist/chunk-hooks.js:1897:20\n    at new Promise (<anonymous>)\n    at runWithTimeout (file:///E:/azizsys5/g-assistant-nx/node_modules/.pnpm/@vitest+runner@3.2.4/node_modules/@vitest/runner/dist/chunk-hooks.js:1863:10)\n    at runHook (file:///E:/azizsys5/g-assistant-nx/node_modules/.pnpm/@vitest+runner@3.2.4/node_modules/@vitest/runner/dist/chunk-hooks.js:1436:51)\n    at callSuiteHook (file:///E:/azizsys5/g-assistant-nx/node_modules/.pnpm/@vitest+runner@3.2.4/node_modules/@vitest/runner/dist/chunk-hooks.js:1442:25)\n    at callSuiteHook (file:///E:/azizsys5/g-assistant-nx/node_modules/.pnpm/@vitest+runner@3.2.4/node_modules/@vitest/runner/dist/chunk-hooks.js:1429:21)\n    at runTest (file:///E:/azizsys5/g-assistant-nx/node_modules/.pnpm/@vitest+runner@3.2.4/node_modules/@vitest/runner/dist/chunk-hooks.js:1566:26)\n    at runSuite (file:///E:/azizsys5/g-assistant-nx/node_modules/.pnpm/@vitest+runner@3.2.4/node_modules/@vitest/runner/dist/chunk-hooks.js:1729:8)"],"meta":{}},{"ancestorTitles":["Core Logic Package","GoogleServices","queryBigQuery"],"fullName":"Core Logic Package GoogleServices queryBigQuery should validate SQL queries","status":"failed","title":"should validate SQL queries","duration":0.14580000000000837,"failureMessages":["TypeError: GoogleServices is not a constructor\n    at E:\\azizsys5\\g-assistant-nx\\tests\\unit\\core-logic.test.ts:16:24\n    at file:///E:/azizsys5/g-assistant-nx/node_modules/.pnpm/@vitest+runner@3.2.4/node_modules/@vitest/runner/dist/chunk-hooks.js:155:11\n    at file:///E:/azizsys5/g-assistant-nx/node_modules/.pnpm/@vitest+runner@3.2.4/node_modules/@vitest/runner/dist/chunk-hooks.js:1897:20\n    at new Promise (<anonymous>)\n    at runWithTimeout (file:///E:/azizsys5/g-assistant-nx/node_modules/.pnpm/@vitest+runner@3.2.4/node_modules/@vitest/runner/dist/chunk-hooks.js:1863:10)\n    at runHook (file:///E:/azizsys5/g-assistant-nx/node_modules/.pnpm/@vitest+runner@3.2.4/node_modules/@vitest/runner/dist/chunk-hooks.js:1436:51)\n    at callSuiteHook (file:///E:/azizsys5/g-assistant-nx/node_modules/.pnpm/@vitest+runner@3.2.4/node_modules/@vitest/runner/dist/chunk-hooks.js:1442:25)\n    at callSuiteHook (file:///E:/azizsys5/g-assistant-nx/node_modules/.pnpm/@vitest+runner@3.2.4/node_modules/@vitest/runner/dist/chunk-hooks.js:1429:21)\n    at runTest (file:///E:/azizsys5/g-assistant-nx/node_modules/.pnpm/@vitest+runner@3.2.4/node_modules/@vitest/runner/dist/chunk-hooks.js:1566:26)\n    at runSuite (file:///E:/azizsys5/g-assistant-nx/node_modules/.pnpm/@vitest+runner@3.2.4/node_modules/@vitest/runner/dist/chunk-hooks.js:1729:8)"],"meta":{}},{"ancestorTitles":["Core Logic Package","AICoreService","processQuery"],"fullName":"Core Logic Package AICoreService processQuery should process simple queries","status":"failed","title":"should process simple queries","duration":0.2400000000000091,"failureMessages":["TypeError: AICoreService is not a constructor\n    at E:\\azizsys5\\g-assistant-nx\\tests\\unit\\core-logic.test.ts:119:23\n    at file:///E:/azizsys5/g-assistant-nx/node_modules/.pnpm/@vitest+runner@3.2.4/node_modules/@vitest/runner/dist/chunk-hooks.js:155:11\n    at file:///E:/azizsys5/g-assistant-nx/node_modules/.pnpm/@vitest+runner@3.2.4/node_modules/@vitest/runner/dist/chunk-hooks.js:1897:20\n    at new Promise (<anonymous>)\n    at runWithTimeout (file:///E:/azizsys5/g-assistant-nx/node_modules/.pnpm/@vitest+runner@3.2.4/node_modules/@vitest/runner/dist/chunk-hooks.js:1863:10)\n    at runHook (file:///E:/azizsys5/g-assistant-nx/node_modules/.pnpm/@vitest+runner@3.2.4/node_modules/@vitest/runner/dist/chunk-hooks.js:1436:51)\n    at callSuiteHook (file:///E:/azizsys5/g-assistant-nx/node_modules/.pnpm/@vitest+runner@3.2.4/node_modules/@vitest/runner/dist/chunk-hooks.js:1442:25)\n    at callSuiteHook (file:///E:/azizsys5/g-assistant-nx/node_modules/.pnpm/@vitest+runner@3.2.4/node_modules/@vitest/runner/dist/chunk-hooks.js:1429:21)\n    at runTest (file:///E:/azizsys5/g-assistant-nx/node_modules/.pnpm/@vitest+runner@3.2.4/node_modules/@vitest/runner/dist/chunk-hooks.js:1566:26)\n    at runSuite (file:///E:/azizsys5/g-assistant-nx/node_modules/.pnpm/@vitest+runner@3.2.4/node_modules/@vitest/runner/dist/chunk-hooks.js:1729:8)"],"meta":{}},{"ancestorTitles":["Core Logic Package","AICoreService","processQuery"],"fullName":"Core Logic Package AICoreService processQuery should handle complex queries","status":"failed","title":"should handle complex queries","duration":0.15499999999997272,"failureMessages":["TypeError: AICoreService is not a constructor\n    at E:\\azizsys5\\g-assistant-nx\\tests\\unit\\core-logic.test.ts:119:23\n    at file:///E:/azizsys5/g-assistant-nx/node_modules/.pnpm/@vitest+runner@3.2.4/node_modules/@vitest/runner/dist/chunk-hooks.js:155:11\n    at file:///E:/azizsys5/g-assistant-nx/node_modules/.pnpm/@vitest+runner@3.2.4/node_modules/@vitest/runner/dist/chunk-hooks.js:1897:20\n    at new Promise (<anonymous>)\n    at runWithTimeout (file:///E:/azizsys5/g-assistant-nx/node_modules/.pnpm/@vitest+runner@3.2.4/node_modules/@vitest/runner/dist/chunk-hooks.js:1863:10)\n    at runHook (file:///E:/azizsys5/g-assistant-nx/node_modules/.pnpm/@vitest+runner@3.2.4/node_modules/@vitest/runner/dist/chunk-hooks.js:1436:51)\n    at callSuiteHook (file:///E:/azizsys5/g-assistant-nx/node_modules/.pnpm/@vitest+runner@3.2.4/node_modules/@vitest/runner/dist/chunk-hooks.js:1442:25)\n    at callSuiteHook (file:///E:/azizsys5/g-assistant-nx/node_modules/.pnpm/@vitest+runner@3.2.4/node_modules/@vitest/runner/dist/chunk-hooks.js:1429:21)\n    at runTest (file:///E:/azizsys5/g-assistant-nx/node_modules/.pnpm/@vitest+runner@3.2.4/node_modules/@vitest/runner/dist/chunk-hooks.js:1566:26)\n    at runSuite (file:///E:/azizsys5/g-assistant-nx/node_modules/.pnpm/@vitest+runner@3.2.4/node_modules/@vitest/runner/dist/chunk-hooks.js:1729:8)"],"meta":{}},{"ancestorTitles":["Core Logic Package","AICoreService","processQuery"],"fullName":"Core Logic Package AICoreService processQuery should handle Arabic queries","status":"failed","title":"should handle Arabic queries","duration":0.15609999999992397,"failureMessages":["TypeError: AICoreService is not a constructor\n    at E:\\azizsys5\\g-assistant-nx\\tests\\unit\\core-logic.test.ts:119:23\n    at file:///E:/azizsys5/g-assistant-nx/node_modules/.pnpm/@vitest+runner@3.2.4/node_modules/@vitest/runner/dist/chunk-hooks.js:155:11\n    at file:///E:/azizsys5/g-assistant-nx/node_modules/.pnpm/@vitest+runner@3.2.4/node_modules/@vitest/runner/dist/chunk-hooks.js:1897:20\n    at new Promise (<anonymous>)\n    at runWithTimeout (file:///E:/azizsys5/g-assistant-nx/node_modules/.pnpm/@vitest+runner@3.2.4/node_modules/@vitest/runner/dist/chunk-hooks.js:1863:10)\n    at runHook (file:///E:/azizsys5/g-assistant-nx/node_modules/.pnpm/@vitest+runner@3.2.4/node_modules/@vitest/runner/dist/chunk-hooks.js:1436:51)\n    at callSuiteHook (file:///E:/azizsys5/g-assistant-nx/node_modules/.pnpm/@vitest+runner@3.2.4/node_modules/@vitest/runner/dist/chunk-hooks.js:1442:25)\n    at callSuiteHook (file:///E:/azizsys5/g-assistant-nx/node_modules/.pnpm/@vitest+runner@3.2.4/node_modules/@vitest/runner/dist/chunk-hooks.js:1429:21)\n    at runTest (file:///E:/azizsys5/g-assistant-nx/node_modules/.pnpm/@vitest+runner@3.2.4/node_modules/@vitest/runner/dist/chunk-hooks.js:1566:26)\n    at runSuite (file:///E:/azizsys5/g-assistant-nx/node_modules/.pnpm/@vitest+runner@3.2.4/node_modules/@vitest/runner/dist/chunk-hooks.js:1729:8)"],"meta":{}},{"ancestorTitles":["Core Logic Package","AICoreService","processQuery"],"fullName":"Core Logic Package AICoreService processQuery should reject empty queries","status":"failed","title":"should reject empty queries","duration":0.11410000000000764,"failureMessages":["TypeError: AICoreService is not a constructor\n    at E:\\azizsys5\\g-assistant-nx\\tests\\unit\\core-logic.test.ts:119:23\n    at file:///E:/azizsys5/g-assistant-nx/node_modules/.pnpm/@vitest+runner@3.2.4/node_modules/@vitest/runner/dist/chunk-hooks.js:155:11\n    at file:///E:/azizsys5/g-assistant-nx/node_modules/.pnpm/@vitest+runner@3.2.4/node_modules/@vitest/runner/dist/chunk-hooks.js:1897:20\n    at new Promise (<anonymous>)\n    at runWithTimeout (file:///E:/azizsys5/g-assistant-nx/node_modules/.pnpm/@vitest+runner@3.2.4/node_modules/@vitest/runner/dist/chunk-hooks.js:1863:10)\n    at runHook (file:///E:/azizsys5/g-assistant-nx/node_modules/.pnpm/@vitest+runner@3.2.4/node_modules/@vitest/runner/dist/chunk-hooks.js:1436:51)\n    at callSuiteHook (file:///E:/azizsys5/g-assistant-nx/node_modules/.pnpm/@vitest+runner@3.2.4/node_modules/@vitest/runner/dist/chunk-hooks.js:1442:25)\n    at callSuiteHook (file:///E:/azizsys5/g-assistant-nx/node_modules/.pnpm/@vitest+runner@3.2.4/node_modules/@vitest/runner/dist/chunk-hooks.js:1429:21)\n    at runTest (file:///E:/azizsys5/g-assistant-nx/node_modules/.pnpm/@vitest+runner@3.2.4/node_modules/@vitest/runner/dist/chunk-hooks.js:1566:26)\n    at runSuite (file:///E:/azizsys5/g-assistant-nx/node_modules/.pnpm/@vitest+runner@3.2.4/node_modules/@vitest/runner/dist/chunk-hooks.js:1729:8)"],"meta":{}},{"ancestorTitles":["Core Logic Package","AICoreService","processQuery"],"fullName":"Core Logic Package AICoreService processQuery should handle very long queries","status":"failed","title":"should handle very long queries","duration":0.0963000000001557,"failureMessages":["TypeError: AICoreService is not a constructor\n    at E:\\azizsys5\\g-assistant-nx\\tests\\unit\\core-logic.test.ts:119:23\n    at file:///E:/azizsys5/g-assistant-nx/node_modules/.pnpm/@vitest+runner@3.2.4/node_modules/@vitest/runner/dist/chunk-hooks.js:155:11\n    at file:///E:/azizsys5/g-assistant-nx/node_modules/.pnpm/@vitest+runner@3.2.4/node_modules/@vitest/runner/dist/chunk-hooks.js:1897:20\n    at new Promise (<anonymous>)\n    at runWithTimeout (file:///E:/azizsys5/g-assistant-nx/node_modules/.pnpm/@vitest+runner@3.2.4/node_modules/@vitest/runner/dist/chunk-hooks.js:1863:10)\n    at runHook (file:///E:/azizsys5/g-assistant-nx/node_modules/.pnpm/@vitest+runner@3.2.4/node_modules/@vitest/runner/dist/chunk-hooks.js:1436:51)\n    at callSuiteHook (file:///E:/azizsys5/g-assistant-nx/node_modules/.pnpm/@vitest+runner@3.2.4/node_modules/@vitest/runner/dist/chunk-hooks.js:1442:25)\n    at callSuiteHook (file:///E:/azizsys5/g-assistant-nx/node_modules/.pnpm/@vitest+runner@3.2.4/node_modules/@vitest/runner/dist/chunk-hooks.js:1429:21)\n    at runTest (file:///E:/azizsys5/g-assistant-nx/node_modules/.pnpm/@vitest+runner@3.2.4/node_modules/@vitest/runner/dist/chunk-hooks.js:1566:26)\n    at runSuite (file:///E:/azizsys5/g-assistant-nx/node_modules/.pnpm/@vitest+runner@3.2.4/node_modules/@vitest/runner/dist/chunk-hooks.js:1729:8)"],"meta":{}},{"ancestorTitles":["Core Logic Package","AICoreService","analyzeContext"],"fullName":"Core Logic Package AICoreService analyzeContext should analyze context correctly","status":"failed","title":"should analyze context correctly","duration":0.09819999999990614,"failureMessages":["TypeError: AICoreService is not a constructor\n    at E:\\azizsys5\\g-assistant-nx\\tests\\unit\\core-logic.test.ts:119:23\n    at file:///E:/azizsys5/g-assistant-nx/node_modules/.pnpm/@vitest+runner@3.2.4/node_modules/@vitest/runner/dist/chunk-hooks.js:155:11\n    at file:///E:/azizsys5/g-assistant-nx/node_modules/.pnpm/@vitest+runner@3.2.4/node_modules/@vitest/runner/dist/chunk-hooks.js:1897:20\n    at new Promise (<anonymous>)\n    at runWithTimeout (file:///E:/azizsys5/g-assistant-nx/node_modules/.pnpm/@vitest+runner@3.2.4/node_modules/@vitest/runner/dist/chunk-hooks.js:1863:10)\n    at runHook (file:///E:/azizsys5/g-assistant-nx/node_modules/.pnpm/@vitest+runner@3.2.4/node_modules/@vitest/runner/dist/chunk-hooks.js:1436:51)\n    at callSuiteHook (file:///E:/azizsys5/g-assistant-nx/node_modules/.pnpm/@vitest+runner@3.2.4/node_modules/@vitest/runner/dist/chunk-hooks.js:1442:25)\n    at callSuiteHook (file:///E:/azizsys5/g-assistant-nx/node_modules/.pnpm/@vitest+runner@3.2.4/node_modules/@vitest/runner/dist/chunk-hooks.js:1429:21)\n    at runTest (file:///E:/azizsys5/g-assistant-nx/node_modules/.pnpm/@vitest+runner@3.2.4/node_modules/@vitest/runner/dist/chunk-hooks.js:1566:26)\n    at runSuite (file:///E:/azizsys5/g-assistant-nx/node_modules/.pnpm/@vitest+runner@3.2.4/node_modules/@vitest/runner/dist/chunk-hooks.js:1729:8)"],"meta":{}},{"ancestorTitles":["Core Logic Package","AICoreService","analyzeContext"],"fullName":"Core Logic Package AICoreService analyzeContext should handle empty context","status":"failed","title":"should handle empty context","duration":0.12540000000012697,"failureMessages":["TypeError: AICoreService is not a constructor\n    at E:\\azizsys5\\g-assistant-nx\\tests\\unit\\core-logic.test.ts:119:23\n    at file:///E:/azizsys5/g-assistant-nx/node_modules/.pnpm/@vitest+runner@3.2.4/node_modules/@vitest/runner/dist/chunk-hooks.js:155:11\n    at file:///E:/azizsys5/g-assistant-nx/node_modules/.pnpm/@vitest+runner@3.2.4/node_modules/@vitest/runner/dist/chunk-hooks.js:1897:20\n    at new Promise (<anonymous>)\n    at runWithTimeout (file:///E:/azizsys5/g-assistant-nx/node_modules/.pnpm/@vitest+runner@3.2.4/node_modules/@vitest/runner/dist/chunk-hooks.js:1863:10)\n    at runHook (file:///E:/azizsys5/g-assistant-nx/node_modules/.pnpm/@vitest+runner@3.2.4/node_modules/@vitest/runner/dist/chunk-hooks.js:1436:51)\n    at callSuiteHook (file:///E:/azizsys5/g-assistant-nx/node_modules/.pnpm/@vitest+runner@3.2.4/node_modules/@vitest/runner/dist/chunk-hooks.js:1442:25)\n    at callSuiteHook (file:///E:/azizsys5/g-assistant-nx/node_modules/.pnpm/@vitest+runner@3.2.4/node_modules/@vitest/runner/dist/chunk-hooks.js:1429:21)\n    at runTest (file:///E:/azizsys5/g-assistant-nx/node_modules/.pnpm/@vitest+runner@3.2.4/node_modules/@vitest/runner/dist/chunk-hooks.js:1566:26)\n    at runSuite (file:///E:/azizsys5/g-assistant-nx/node_modules/.pnpm/@vitest+runner@3.2.4/node_modules/@vitest/runner/dist/chunk-hooks.js:1729:8)"],"meta":{}},{"ancestorTitles":["Core Logic Package","DateHelper","formatDate"],"fullName":"Core Logic Package DateHelper formatDate should format dates correctly","status":"failed","title":"should format dates correctly","duration":2.654199999999946,"failureMessages":["AssertionError: expected '2024-01-15T10:30:00.000Z' to be '2024-01-15' // Object.is equality\n    at E:\\azizsys5\\g-assistant-nx\\tests\\unit\\core-logic.test.ts:197:59\n    at file:///E:/azizsys5/g-assistant-nx/node_modules/.pnpm/@vitest+runner@3.2.4/node_modules/@vitest/runner/dist/chunk-hooks.js:155:11\n    at file:///E:/azizsys5/g-assistant-nx/node_modules/.pnpm/@vitest+runner@3.2.4/node_modules/@vitest/runner/dist/chunk-hooks.js:752:26\n    at file:///E:/azizsys5/g-assistant-nx/node_modules/.pnpm/@vitest+runner@3.2.4/node_modules/@vitest/runner/dist/chunk-hooks.js:1897:20\n    at new Promise (<anonymous>)\n    at runWithTimeout (file:///E:/azizsys5/g-assistant-nx/node_modules/.pnpm/@vitest+runner@3.2.4/node_modules/@vitest/runner/dist/chunk-hooks.js:1863:10)\n    at runTest (file:///E:/azizsys5/g-assistant-nx/node_modules/.pnpm/@vitest+runner@3.2.4/node_modules/@vitest/runner/dist/chunk-hooks.js:1574:12)\n    at runSuite (file:///E:/azizsys5/g-assistant-nx/node_modules/.pnpm/@vitest+runner@3.2.4/node_modules/@vitest/runner/dist/chunk-hooks.js:1729:8)\n    at runSuite (file:///E:/azizsys5/g-assistant-nx/node_modules/.pnpm/@vitest+runner@3.2.4/node_modules/@vitest/runner/dist/chunk-hooks.js:1729:8)\n    at runSuite (file:///E:/azizsys5/g-assistant-nx/node_modules/.pnpm/@vitest+runner@3.2.4/node_modules/@vitest/runner/dist/chunk-hooks.js:1729:8)"],"meta":{}},{"ancestorTitles":["Core Logic Package","DateHelper","formatDate"],"fullName":"Core Logic Package DateHelper formatDate should handle invalid dates","status":"failed","title":"should handle invalid dates","duration":2.7506999999998243,"failureMessages":["AssertionError: expected [Function] to throw error including 'Invalid date' but got 'Invalid time value'\n    at Proxy.<anonymous> (file:///E:/azizsys5/g-assistant-nx/node_modules/.pnpm/@vitest+expect@3.2.4/node_modules/@vitest/expect/dist/index.js:1420:16)\n    at Proxy.<anonymous> (file:///E:/azizsys5/g-assistant-nx/node_modules/.pnpm/@vitest+expect@3.2.4/node_modules/@vitest/expect/dist/index.js:1029:14)\n    at Proxy.methodWrapper (file:///E:/azizsys5/g-assistant-nx/node_modules/.pnpm/chai@5.3.3/node_modules/chai/index.js:1686:25)\n    at E:\\azizsys5\\g-assistant-nx\\tests\\unit\\core-logic.test.ts:205:72\n    at file:///E:/azizsys5/g-assistant-nx/node_modules/.pnpm/@vitest+runner@3.2.4/node_modules/@vitest/runner/dist/chunk-hooks.js:155:11\n    at file:///E:/azizsys5/g-assistant-nx/node_modules/.pnpm/@vitest+runner@3.2.4/node_modules/@vitest/runner/dist/chunk-hooks.js:752:26\n    at file:///E:/azizsys5/g-assistant-nx/node_modules/.pnpm/@vitest+runner@3.2.4/node_modules/@vitest/runner/dist/chunk-hooks.js:1897:20\n    at new Promise (<anonymous>)\n    at runWithTimeout (file:///E:/azizsys5/g-assistant-nx/node_modules/.pnpm/@vitest+runner@3.2.4/node_modules/@vitest/runner/dist/chunk-hooks.js:1863:10)\n    at runTest (file:///E:/azizsys5/g-assistant-nx/node_modules/.pnpm/@vitest+runner@3.2.4/node_modules/@vitest/runner/dist/chunk-hooks.js:1574:12)"],"meta":{}},{"ancestorTitles":["Core Logic Package","DateHelper","formatDate"],"fullName":"Core Logic Package DateHelper formatDate should use default format when not specified","status":"passed","title":"should use default format when not specified","duration":0.4210000000000491,"failureMessages":[],"meta":{}},{"ancestorTitles":["Core Logic Package","DateHelper","parseDate"],"fullName":"Core Logic Package DateHelper parseDate should parse date strings correctly","status":"passed","title":"should parse date strings correctly","duration":0.2906000000000404,"failureMessages":[],"meta":{}},{"ancestorTitles":["Core Logic Package","DateHelper","parseDate"],"fullName":"Core Logic Package DateHelper parseDate should handle different date formats","status":"failed","title":"should handle different date formats","duration":0.5761999999999716,"failureMessages":["Error: Invalid date string\n    at Function.parseDate (E:\\azizsys5\\g-assistant-nx\\packages\\core\\core-logic\\src\\utils\\date-helper.ts:11:38)\n    at E:\\azizsys5\\g-assistant-nx\\tests\\unit\\core-logic.test.ts:229:27\n    at file:///E:/azizsys5/g-assistant-nx/node_modules/.pnpm/@vitest+runner@3.2.4/node_modules/@vitest/runner/dist/chunk-hooks.js:155:11\n    at file:///E:/azizsys5/g-assistant-nx/node_modules/.pnpm/@vitest+runner@3.2.4/node_modules/@vitest/runner/dist/chunk-hooks.js:752:26\n    at file:///E:/azizsys5/g-assistant-nx/node_modules/.pnpm/@vitest+runner@3.2.4/node_modules/@vitest/runner/dist/chunk-hooks.js:1897:20\n    at new Promise (<anonymous>)\n    at runWithTimeout (file:///E:/azizsys5/g-assistant-nx/node_modules/.pnpm/@vitest+runner@3.2.4/node_modules/@vitest/runner/dist/chunk-hooks.js:1863:10)\n    at runTest (file:///E:/azizsys5/g-assistant-nx/node_modules/.pnpm/@vitest+runner@3.2.4/node_modules/@vitest/runner/dist/chunk-hooks.js:1574:12)\n    at runSuite (file:///E:/azizsys5/g-assistant-nx/node_modules/.pnpm/@vitest+runner@3.2.4/node_modules/@vitest/runner/dist/chunk-hooks.js:1729:8)\n    at runSuite (file:///E:/azizsys5/g-assistant-nx/node_modules/.pnpm/@vitest+runner@3.2.4/node_modules/@vitest/runner/dist/chunk-hooks.js:1729:8)"],"meta":{}},{"ancestorTitles":["Core Logic Package","DateHelper","parseDate"],"fullName":"Core Logic Package DateHelper parseDate should throw error for invalid date strings","status":"passed","title":"should throw error for invalid date strings","duration":0.34900000000016007,"failureMessages":[],"meta":{}},{"ancestorTitles":["Core Logic Package","DateHelper","addDays"],"fullName":"Core Logic Package DateHelper addDays should add days correctly","status":"passed","title":"should add days correctly","duration":0.2505999999998494,"failureMessages":[],"meta":{}},{"ancestorTitles":["Core Logic Package","DateHelper","addDays"],"fullName":"Core Logic Package DateHelper addDays should handle negative days","status":"passed","title":"should handle negative days","duration":0.08150000000000546,"failureMessages":[],"meta":{}},{"ancestorTitles":["Core Logic Package","DateHelper","addDays"],"fullName":"Core Logic Package DateHelper addDays should handle month boundaries","status":"passed","title":"should handle month boundaries","duration":0.16589999999996508,"failureMessages":[],"meta":{}},{"ancestorTitles":["Core Logic Package","DateHelper","getDaysBetween"],"fullName":"Core Logic Package DateHelper getDaysBetween should calculate days between dates correctly","status":"passed","title":"should calculate days between dates correctly","duration":0.12540000000012697,"failureMessages":[],"meta":{}},{"ancestorTitles":["Core Logic Package","DateHelper","getDaysBetween"],"fullName":"Core Logic Package DateHelper getDaysBetween should handle same dates","status":"passed","title":"should handle same dates","duration":0.07120000000008986,"failureMessages":[],"meta":{}},{"ancestorTitles":["Core Logic Package","DateHelper","isWeekend"],"fullName":"Core Logic Package DateHelper isWeekend should identify weekends correctly","status":"passed","title":"should identify weekends correctly","duration":0.0911999999998443,"failureMessages":[],"meta":{}},{"ancestorTitles":["Core Logic Package","Integration Tests"],"fullName":"Core Logic Package Integration Tests should integrate GoogleServices with AICoreService","status":"failed","title":"should integrate GoogleServices with AICoreService","duration":0.21939999999995052,"failureMessages":["TypeError: GoogleServices is not a constructor\n    at E:\\azizsys5\\g-assistant-nx\\tests\\unit\\core-logic.test.ts:297:30\n    at file:///E:/azizsys5/g-assistant-nx/node_modules/.pnpm/@vitest+runner@3.2.4/node_modules/@vitest/runner/dist/chunk-hooks.js:155:11\n    at file:///E:/azizsys5/g-assistant-nx/node_modules/.pnpm/@vitest+runner@3.2.4/node_modules/@vitest/runner/dist/chunk-hooks.js:752:26\n    at file:///E:/azizsys5/g-assistant-nx/node_modules/.pnpm/@vitest+runner@3.2.4/node_modules/@vitest/runner/dist/chunk-hooks.js:1897:20\n    at new Promise (<anonymous>)\n    at runWithTimeout (file:///E:/azizsys5/g-assistant-nx/node_modules/.pnpm/@vitest+runner@3.2.4/node_modules/@vitest/runner/dist/chunk-hooks.js:1863:10)\n    at runTest (file:///E:/azizsys5/g-assistant-nx/node_modules/.pnpm/@vitest+runner@3.2.4/node_modules/@vitest/runner/dist/chunk-hooks.js:1574:12)\n    at runSuite (file:///E:/azizsys5/g-assistant-nx/node_modules/.pnpm/@vitest+runner@3.2.4/node_modules/@vitest/runner/dist/chunk-hooks.js:1729:8)\n    at runSuite (file:///E:/azizsys5/g-assistant-nx/node_modules/.pnpm/@vitest+runner@3.2.4/node_modules/@vitest/runner/dist/chunk-hooks.js:1729:8)\n    at runSuite (file:///E:/azizsys5/g-assistant-nx/node_modules/.pnpm/@vitest+runner@3.2.4/node_modules/@vitest/runner/dist/chunk-hooks.js:1729:8)"],"meta":{}},{"ancestorTitles":["Core Logic Package","Integration Tests"],"fullName":"Core Logic Package Integration Tests should handle service failures gracefully","status":"failed","title":"should handle service failures gracefully","duration":0.16439999999988686,"failureMessages":["TypeError: GoogleServices is not a constructor\n    at E:\\azizsys5\\g-assistant-nx\\tests\\unit\\core-logic.test.ts:321:30\n    at file:///E:/azizsys5/g-assistant-nx/node_modules/.pnpm/@vitest+runner@3.2.4/node_modules/@vitest/runner/dist/chunk-hooks.js:155:11\n    at file:///E:/azizsys5/g-assistant-nx/node_modules/.pnpm/@vitest+runner@3.2.4/node_modules/@vitest/runner/dist/chunk-hooks.js:752:26\n    at file:///E:/azizsys5/g-assistant-nx/node_modules/.pnpm/@vitest+runner@3.2.4/node_modules/@vitest/runner/dist/chunk-hooks.js:1897:20\n    at new Promise (<anonymous>)\n    at runWithTimeout (file:///E:/azizsys5/g-assistant-nx/node_modules/.pnpm/@vitest+runner@3.2.4/node_modules/@vitest/runner/dist/chunk-hooks.js:1863:10)\n    at runTest (file:///E:/azizsys5/g-assistant-nx/node_modules/.pnpm/@vitest+runner@3.2.4/node_modules/@vitest/runner/dist/chunk-hooks.js:1574:12)\n    at runSuite (file:///E:/azizsys5/g-assistant-nx/node_modules/.pnpm/@vitest+runner@3.2.4/node_modules/@vitest/runner/dist/chunk-hooks.js:1729:8)\n    at runSuite (file:///E:/azizsys5/g-assistant-nx/node_modules/.pnpm/@vitest+runner@3.2.4/node_modules/@vitest/runner/dist/chunk-hooks.js:1729:8)\n    at runSuite (file:///E:/azizsys5/g-assistant-nx/node_modules/.pnpm/@vitest+runner@3.2.4/node_modules/@vitest/runner/dist/chunk-hooks.js:1729:8)"],"meta":{}},{"ancestorTitles":["Core Logic Package","Performance Tests"],"fullName":"Core Logic Package Performance Tests should process queries within acceptable time limits","status":"failed","title":"should process queries within acceptable time limits","duration":0.13089999999988322,"failureMessages":["TypeError: AICoreService is not a constructor\n    at E:\\azizsys5\\g-assistant-nx\\tests\\unit\\core-logic.test.ts:342:29\n    at file:///E:/azizsys5/g-assistant-nx/node_modules/.pnpm/@vitest+runner@3.2.4/node_modules/@vitest/runner/dist/chunk-hooks.js:155:11\n    at file:///E:/azizsys5/g-assistant-nx/node_modules/.pnpm/@vitest+runner@3.2.4/node_modules/@vitest/runner/dist/chunk-hooks.js:752:26\n    at file:///E:/azizsys5/g-assistant-nx/node_modules/.pnpm/@vitest+runner@3.2.4/node_modules/@vitest/runner/dist/chunk-hooks.js:1897:20\n    at new Promise (<anonymous>)\n    at runWithTimeout (file:///E:/azizsys5/g-assistant-nx/node_modules/.pnpm/@vitest+runner@3.2.4/node_modules/@vitest/runner/dist/chunk-hooks.js:1863:10)\n    at runTest (file:///E:/azizsys5/g-assistant-nx/node_modules/.pnpm/@vitest+runner@3.2.4/node_modules/@vitest/runner/dist/chunk-hooks.js:1574:12)\n    at runSuite (file:///E:/azizsys5/g-assistant-nx/node_modules/.pnpm/@vitest+runner@3.2.4/node_modules/@vitest/runner/dist/chunk-hooks.js:1729:8)\n    at runSuite (file:///E:/azizsys5/g-assistant-nx/node_modules/.pnpm/@vitest+runner@3.2.4/node_modules/@vitest/runner/dist/chunk-hooks.js:1729:8)\n    at runSuite (file:///E:/azizsys5/g-assistant-nx/node_modules/.pnpm/@vitest+runner@3.2.4/node_modules/@vitest/runner/dist/chunk-hooks.js:1729:8)"],"meta":{}},{"ancestorTitles":["Core Logic Package","Performance Tests"],"fullName":"Core Logic Package Performance Tests should handle concurrent queries","status":"failed","title":"should handle concurrent queries","duration":0.15820000000007894,"failureMessages":["TypeError: AICoreService is not a constructor\n    at E:\\azizsys5\\g-assistant-nx\\tests\\unit\\core-logic.test.ts:352:29\n    at file:///E:/azizsys5/g-assistant-nx/node_modules/.pnpm/@vitest+runner@3.2.4/node_modules/@vitest/runner/dist/chunk-hooks.js:155:11\n    at file:///E:/azizsys5/g-assistant-nx/node_modules/.pnpm/@vitest+runner@3.2.4/node_modules/@vitest/runner/dist/chunk-hooks.js:752:26\n    at file:///E:/azizsys5/g-assistant-nx/node_modules/.pnpm/@vitest+runner@3.2.4/node_modules/@vitest/runner/dist/chunk-hooks.js:1897:20\n    at new Promise (<anonymous>)\n    at runWithTimeout (file:///E:/azizsys5/g-assistant-nx/node_modules/.pnpm/@vitest+runner@3.2.4/node_modules/@vitest/runner/dist/chunk-hooks.js:1863:10)\n    at runTest (file:///E:/azizsys5/g-assistant-nx/node_modules/.pnpm/@vitest+runner@3.2.4/node_modules/@vitest/runner/dist/chunk-hooks.js:1574:12)\n    at runSuite (file:///E:/azizsys5/g-assistant-nx/node_modules/.pnpm/@vitest+runner@3.2.4/node_modules/@vitest/runner/dist/chunk-hooks.js:1729:8)\n    at runSuite (file:///E:/azizsys5/g-assistant-nx/node_modules/.pnpm/@vitest+runner@3.2.4/node_modules/@vitest/runner/dist/chunk-hooks.js:1729:8)\n    at runSuite (file:///E:/azizsys5/g-assistant-nx/node_modules/.pnpm/@vitest+runner@3.2.4/node_modules/@vitest/runner/dist/chunk-hooks.js:1729:8)"],"meta":{}},{"ancestorTitles":["Core Logic Package","Error Handling"],"fullName":"Core Logic Package Error Handling should handle network timeouts","status":"failed","title":"should handle network timeouts","duration":0.14209999999980027,"failureMessages":["TypeError: GoogleServices is not a constructor\n    at E:\\azizsys5\\g-assistant-nx\\tests\\unit\\core-logic.test.ts:368:30\n    at file:///E:/azizsys5/g-assistant-nx/node_modules/.pnpm/@vitest+runner@3.2.4/node_modules/@vitest/runner/dist/chunk-hooks.js:155:11\n    at file:///E:/azizsys5/g-assistant-nx/node_modules/.pnpm/@vitest+runner@3.2.4/node_modules/@vitest/runner/dist/chunk-hooks.js:752:26\n    at file:///E:/azizsys5/g-assistant-nx/node_modules/.pnpm/@vitest+runner@3.2.4/node_modules/@vitest/runner/dist/chunk-hooks.js:1897:20\n    at new Promise (<anonymous>)\n    at runWithTimeout (file:///E:/azizsys5/g-assistant-nx/node_modules/.pnpm/@vitest+runner@3.2.4/node_modules/@vitest/runner/dist/chunk-hooks.js:1863:10)\n    at runTest (file:///E:/azizsys5/g-assistant-nx/node_modules/.pnpm/@vitest+runner@3.2.4/node_modules/@vitest/runner/dist/chunk-hooks.js:1574:12)\n    at runSuite (file:///E:/azizsys5/g-assistant-nx/node_modules/.pnpm/@vitest+runner@3.2.4/node_modules/@vitest/runner/dist/chunk-hooks.js:1729:8)\n    at runSuite (file:///E:/azizsys5/g-assistant-nx/node_modules/.pnpm/@vitest+runner@3.2.4/node_modules/@vitest/runner/dist/chunk-hooks.js:1729:8)\n    at runSuite (file:///E:/azizsys5/g-assistant-nx/node_modules/.pnpm/@vitest+runner@3.2.4/node_modules/@vitest/runner/dist/chunk-hooks.js:1729:8)"],"meta":{}},{"ancestorTitles":["Core Logic Package","Error Handling"],"fullName":"Core Logic Package Error Handling should handle malformed responses","status":"failed","title":"should handle malformed responses","duration":0.1149000000000342,"failureMessages":["TypeError: GoogleServices is not a constructor\n    at E:\\azizsys5\\g-assistant-nx\\tests\\unit\\core-logic.test.ts:382:30\n    at file:///E:/azizsys5/g-assistant-nx/node_modules/.pnpm/@vitest+runner@3.2.4/node_modules/@vitest/runner/dist/chunk-hooks.js:155:11\n    at file:///E:/azizsys5/g-assistant-nx/node_modules/.pnpm/@vitest+runner@3.2.4/node_modules/@vitest/runner/dist/chunk-hooks.js:752:26\n    at file:///E:/azizsys5/g-assistant-nx/node_modules/.pnpm/@vitest+runner@3.2.4/node_modules/@vitest/runner/dist/chunk-hooks.js:1897:20\n    at new Promise (<anonymous>)\n    at runWithTimeout (file:///E:/azizsys5/g-assistant-nx/node_modules/.pnpm/@vitest+runner@3.2.4/node_modules/@vitest/runner/dist/chunk-hooks.js:1863:10)\n    at runTest (file:///E:/azizsys5/g-assistant-nx/node_modules/.pnpm/@vitest+runner@3.2.4/node_modules/@vitest/runner/dist/chunk-hooks.js:1574:12)\n    at runSuite (file:///E:/azizsys5/g-assistant-nx/node_modules/.pnpm/@vitest+runner@3.2.4/node_modules/@vitest/runner/dist/chunk-hooks.js:1729:8)\n    at runSuite (file:///E:/azizsys5/g-assistant-nx/node_modules/.pnpm/@vitest+runner@3.2.4/node_modules/@vitest/runner/dist/chunk-hooks.js:1729:8)\n    at runSuite (file:///E:/azizsys5/g-assistant-nx/node_modules/.pnpm/@vitest+runner@3.2.4/node_modules/@vitest/runner/dist/chunk-hooks.js:1729:8)"],"meta":{}}],"startTime":1756136255160,"endTime":1756136255176.1643,"status":"failed","message":"","name":"E:/azizsys5/g-assistant-nx/tests/unit/core-logic.test.ts"},{"assertionResults":[{"ancestorTitles":["ðŸ”§ Core System Tests","AI Engine"],"fullName":"ðŸ”§ Core System Tests AI Engine should initialize with default configuration","status":"passed","title":"should initialize with default configuration","duration":1.6619000000000597,"failureMessages":[],"meta":{}},{"ancestorTitles":["ðŸ”§ Core System Tests","AI Engine"],"fullName":"ðŸ”§ Core System Tests AI Engine should process natural language queries","status":"passed","title":"should process natural language queries","duration":0.46179999999958454,"failureMessages":[],"meta":{}},{"ancestorTitles":["ðŸ”§ Core System Tests","AI Engine"],"fullName":"ðŸ”§ Core System Tests AI Engine should generate smart recommendations","status":"passed","title":"should generate smart recommendations","duration":0.18679999999994834,"failureMessages":[],"meta":{}},{"ancestorTitles":["ðŸ”§ Core System Tests","Security Core"],"fullName":"ðŸ”§ Core System Tests Security Core should validate authentication tokens","status":"passed","title":"should validate authentication tokens","duration":0.19470000000001164,"failureMessages":[],"meta":{}},{"ancestorTitles":["ðŸ”§ Core System Tests","Security Core"],"fullName":"ðŸ”§ Core System Tests Security Core should encrypt sensitive data","status":"passed","title":"should encrypt sensitive data","duration":0.5383999999999105,"failureMessages":[],"meta":{}},{"ancestorTitles":["ðŸ”§ Core System Tests","Security Core"],"fullName":"ðŸ”§ Core System Tests Security Core should detect security threats","status":"passed","title":"should detect security threats","duration":0.14740000000028886,"failureMessages":[],"meta":{}},{"ancestorTitles":["ðŸ”§ Core System Tests","Core Logic"],"fullName":"ðŸ”§ Core System Tests Core Logic should handle business workflows","status":"passed","title":"should handle business workflows","duration":0.1485000000002401,"failureMessages":[],"meta":{}},{"ancestorTitles":["ðŸ”§ Core System Tests","Core Logic"],"fullName":"ðŸ”§ Core System Tests Core Logic should manage data transformations","status":"passed","title":"should manage data transformations","duration":0.11019999999962238,"failureMessages":[],"meta":{}}],"startTime":1756136256678,"endTime":1756136256681.1484,"status":"passed","message":"","name":"E:/azizsys5/g-assistant-nx/tests/unit/core-system.test.ts"},{"assertionResults":[{"ancestorTitles":["ðŸ¢ CRM System Tests","Lead Management"],"fullName":"ðŸ¢ CRM System Tests Lead Management should create new lead with validation","status":"passed","title":"should create new lead with validation","duration":1.1035000000001673,"failureMessages":[],"meta":{}},{"ancestorTitles":["ðŸ¢ CRM System Tests","Lead Management"],"fullName":"ðŸ¢ CRM System Tests Lead Management should update lead stage correctly","status":"passed","title":"should update lead stage correctly","duration":0.22559999999975844,"failureMessages":[],"meta":{}},{"ancestorTitles":["ðŸ¢ CRM System Tests","Lead Management"],"fullName":"ðŸ¢ CRM System Tests Lead Management should calculate lead score","status":"passed","title":"should calculate lead score","duration":0.1809000000002925,"failureMessages":[],"meta":{}},{"ancestorTitles":["ðŸ¢ CRM System Tests","Opportunity Management"],"fullName":"ðŸ¢ CRM System Tests Opportunity Management should create opportunity from qualified lead","status":"passed","title":"should create opportunity from qualified lead","duration":0.18650000000025102,"failureMessages":[],"meta":{}},{"ancestorTitles":["ðŸ¢ CRM System Tests","Opportunity Management"],"fullName":"ðŸ¢ CRM System Tests Opportunity Management should calculate win probability","status":"passed","title":"should calculate win probability","duration":0.11410000000023501,"failureMessages":[],"meta":{}},{"ancestorTitles":["ðŸ¢ CRM System Tests","Customer Management"],"fullName":"ðŸ¢ CRM System Tests Customer Management should convert opportunity to customer","status":"passed","title":"should convert opportunity to customer","duration":0.17650000000003274,"failureMessages":[],"meta":{}},{"ancestorTitles":["ðŸ¢ CRM System Tests","Customer Management"],"fullName":"ðŸ¢ CRM System Tests Customer Management should track customer lifetime value","status":"passed","title":"should track customer lifetime value","duration":0.11620000000038999,"failureMessages":[],"meta":{}}],"startTime":1756136256761,"endTime":1756136256763.1865,"status":"passed","message":"","name":"E:/azizsys5/g-assistant-nx/tests/unit/crm-system.test.ts"},{"assertionResults":[{"ancestorTitles":["JsonRpcClient"],"fullName":"JsonRpcClient should authenticate successfully","status":"passed","title":"should authenticate successfully","duration":1.306300000000192,"failureMessages":[],"meta":{}},{"ancestorTitles":["JsonRpcClient"],"fullName":"JsonRpcClient should create lead successfully","status":"passed","title":"should create lead successfully","duration":1.3643000000001848,"failureMessages":[],"meta":{}},{"ancestorTitles":["JsonRpcClient"],"fullName":"JsonRpcClient should get leads successfully","status":"passed","title":"should get leads successfully","duration":0.25860000000011496,"failureMessages":[],"meta":{}}],"startTime":1756136257333,"endTime":1756136257336.3643,"status":"passed","message":"","name":"E:/azizsys5/g-assistant-nx/tests/unit/json-rpc-client.test.ts"},{"assertionResults":[{"ancestorTitles":["ðŸ¤– Sidebar Agents Tests","CFO Agent"],"fullName":"ðŸ¤– Sidebar Agents Tests CFO Agent should analyze financial data","status":"passed","title":"should analyze financial data","duration":1.0884000000000924,"failureMessages":[],"meta":{}},{"ancestorTitles":["ðŸ¤– Sidebar Agents Tests","CFO Agent"],"fullName":"ðŸ¤– Sidebar Agents Tests CFO Agent should generate budget forecasts","status":"passed","title":"should generate budget forecasts","duration":0.2780999999999949,"failureMessages":[],"meta":{}},{"ancestorTitles":["ðŸ¤– Sidebar Agents Tests","Developer Agent"],"fullName":"ðŸ¤– Sidebar Agents Tests Developer Agent should review code quality","status":"passed","title":"should review code quality","duration":0.6849999999999454,"failureMessages":[],"meta":{}},{"ancestorTitles":["ðŸ¤– Sidebar Agents Tests","Developer Agent"],"fullName":"ðŸ¤– Sidebar Agents Tests Developer Agent should detect security vulnerabilities","status":"passed","title":"should detect security vulnerabilities","duration":0.5105000000003201,"failureMessages":[],"meta":{}},{"ancestorTitles":["ðŸ¤– Sidebar Agents Tests","Database Manager"],"fullName":"ðŸ¤– Sidebar Agents Tests Database Manager should optimize database queries","status":"passed","title":"should optimize database queries","duration":0.5033000000003085,"failureMessages":[],"meta":{}},{"ancestorTitles":["ðŸ¤– Sidebar Agents Tests","Database Manager"],"fullName":"ðŸ¤– Sidebar Agents Tests Database Manager should monitor database health","status":"passed","title":"should monitor database health","duration":0.41010000000005675,"failureMessages":[],"meta":{}},{"ancestorTitles":["ðŸ¤– Sidebar Agents Tests","Operations Agent"],"fullName":"ðŸ¤– Sidebar Agents Tests Operations Agent should monitor system performance","status":"passed","title":"should monitor system performance","duration":0.4596999999998843,"failureMessages":[],"meta":{}},{"ancestorTitles":["ðŸ¤– Sidebar Agents Tests","Operations Agent"],"fullName":"ðŸ¤– Sidebar Agents Tests Operations Agent should handle auto-scaling decisions","status":"passed","title":"should handle auto-scaling decisions","duration":0.18899999999985084,"failureMessages":[],"meta":{}},{"ancestorTitles":["ðŸ¤– Sidebar Agents Tests","General Agent"],"fullName":"ðŸ¤– Sidebar Agents Tests General Agent should handle natural language queries","status":"passed","title":"should handle natural language queries","duration":0.4062999999996464,"failureMessages":[],"meta":{}},{"ancestorTitles":["ðŸ¤– Sidebar Agents Tests","General Agent"],"fullName":"ðŸ¤– Sidebar Agents Tests General Agent should provide contextual help","status":"passed","title":"should provide contextual help","duration":0.17200000000002547,"failureMessages":[],"meta":{}}],"startTime":1756136257266,"endTime":1756136257271.4062,"status":"passed","message":"","name":"E:/azizsys5/g-assistant-nx/tests/unit/sidebar-agents.test.ts"},{"assertionResults":[{"ancestorTitles":["WhatsAppClient"],"fullName":"WhatsAppClient should send message successfully","status":"passed","title":"should send message successfully","duration":2.7297999999996136,"failureMessages":[],"meta":{}},{"ancestorTitles":["WhatsAppClient"],"fullName":"WhatsAppClient should parse webhook data correctly","status":"passed","title":"should parse webhook data correctly","duration":0.9104000000002088,"failureMessages":[],"meta":{}},{"ancestorTitles":["WhatsAppClient"],"fullName":"WhatsAppClient should send auto reply","status":"passed","title":"should send auto reply","duration":0.2955000000001746,"failureMessages":[],"meta":{}}],"startTime":1756136256067,"endTime":1756136256071.2954,"status":"passed","message":"","name":"E:/azizsys5/g-assistant-nx/tests/unit/whatsapp-client.test.ts"}]}